2023-12-26 21:03:25,605 INFO daemonizing the supervisord process
2023-12-26 21:03:25,606 INFO supervisord started with pid 2107373
2023-12-26 21:03:26,615 INFO spawned: 'getSettlementHashes' with pid 2107390
2023-12-26 21:03:27,619 INFO success: getSettlementHashes entered RUNNING state, process has stayed up for > than 1 seconds (startsecs)
2023-12-26 21:04:38,857 INFO supervisord started with pid 2107485
2023-12-26 21:04:39,864 INFO spawned: 'getSettlementHashes' with pid 2107487
2023-12-26 21:04:40,869 INFO success: getSettlementHashes entered RUNNING state, process has stayed up for > than 1 seconds (startsecs)
2023-12-26 21:04:57,673 WARN exited: getSettlementHashes (exit status 1; not expected)
2023-12-26 21:04:57,673 WARN received SIGINT indicating exit request
2023-12-26 21:05:36,664 WARN exited: getSettlementHashes (terminated by SIGKILL; not expected)
2023-12-26 21:05:37,672 INFO spawned: 'getSettlementHashes' with pid 2107576
2023-12-26 21:05:38,675 INFO success: getSettlementHashes entered RUNNING state, process has stayed up for > than 1 seconds (startsecs)
2023-12-26 21:07:47,701 INFO supervisord started with pid 2107779
2023-12-26 21:07:48,703 INFO spawned: 'getCallData' with pid 2107781
2023-12-26 21:07:48,706 INFO spawned: 'getContractNames' with pid 2107782
2023-12-26 21:07:48,709 INFO spawned: 'getOrdersByUid' with pid 2107783
2023-12-26 21:07:48,712 INFO spawned: 'getSettlementHashes' with pid 2107784
2023-12-26 21:07:48,716 INFO spawned: 'getSolverCompetitions' with pid 2107785
2023-12-26 21:07:48,719 INFO spawned: 'getUninternalizedCallData' with pid 2107786
2023-12-26 21:07:50,671 INFO success: getCallData entered RUNNING state, process has stayed up for > than 1 seconds (startsecs)
2023-12-26 21:07:50,671 INFO success: getContractNames entered RUNNING state, process has stayed up for > than 1 seconds (startsecs)
2023-12-26 21:07:50,671 INFO success: getOrdersByUid entered RUNNING state, process has stayed up for > than 1 seconds (startsecs)
2023-12-26 21:07:50,671 INFO success: getSettlementHashes entered RUNNING state, process has stayed up for > than 1 seconds (startsecs)
2023-12-26 21:07:50,671 INFO success: getSolverCompetitions entered RUNNING state, process has stayed up for > than 1 seconds (startsecs)
2023-12-26 21:07:50,671 INFO success: getUninternalizedCallData entered RUNNING state, process has stayed up for > than 1 seconds (startsecs)
2023-12-26 21:07:57,714 WARN exited: getSolverCompetitions (exit status 1; not expected)
2023-12-26 21:07:57,915 INFO spawned: 'getSolverCompetitions' with pid 2107807
2023-12-26 21:07:58,651 WARN exited: getSettlementHashes (exit status 1; not expected)
2023-12-26 21:07:58,917 INFO success: getSolverCompetitions entered RUNNING state, process has stayed up for > than 1 seconds (startsecs)
2023-12-26 21:07:59,654 INFO spawned: 'getSettlementHashes' with pid 2107815
2023-12-26 21:08:00,655 INFO success: getSettlementHashes entered RUNNING state, process has stayed up for > than 1 seconds (startsecs)
2023-12-26 21:08:02,993 WARN exited: getSettlementHashes (exit status 1; not expected)
2023-12-26 21:08:03,483 INFO spawned: 'getSettlementHashes' with pid 2107834
2023-12-26 21:08:03,483 WARN exited: getUninternalizedCallData (exit status 1; not expected)
2023-12-26 21:08:03,531 INFO spawned: 'getUninternalizedCallData' with pid 2107835
2023-12-26 21:08:03,582 WARN exited: getCallData (exit status 1; not expected)
2023-12-26 21:08:04,035 INFO spawned: 'getCallData' with pid 2107840
2023-12-26 21:08:04,482 INFO success: getSettlementHashes entered RUNNING state, process has stayed up for > than 1 seconds (startsecs)
2023-12-26 21:08:04,754 INFO success: getUninternalizedCallData entered RUNNING state, process has stayed up for > than 1 seconds (startsecs)
2023-12-26 21:08:05,770 INFO success: getCallData entered RUNNING state, process has stayed up for > than 1 seconds (startsecs)
2023-12-26 21:08:13,394 WARN exited: getCallData (exit status 1; not expected)
2023-12-26 21:08:13,396 INFO spawned: 'getCallData' with pid 2107857
2023-12-26 21:08:13,560 WARN exited: getUninternalizedCallData (exit status 1; not expected)
2023-12-26 21:08:13,652 INFO spawned: 'getUninternalizedCallData' with pid 2107858
2023-12-26 21:08:14,078 WARN exited: getSettlementHashes (exit status 1; not expected)
2023-12-26 21:08:14,551 INFO success: getCallData entered RUNNING state, process has stayed up for > than 1 seconds (startsecs)
2023-12-26 21:08:15,081 INFO spawned: 'getSettlementHashes' with pid 2107866
2023-12-26 21:08:15,552 INFO success: getUninternalizedCallData entered RUNNING state, process has stayed up for > than 1 seconds (startsecs)
2023-12-26 21:08:16,082 INFO success: getSettlementHashes entered RUNNING state, process has stayed up for > than 1 seconds (startsecs)
2023-12-26 21:08:19,787 WARN exited: getSettlementHashes (exit status 1; not expected)
2023-12-26 21:08:20,523 INFO spawned: 'getSettlementHashes' with pid 2107878
2023-12-26 21:08:21,534 INFO success: getSettlementHashes entered RUNNING state, process has stayed up for > than 1 seconds (startsecs)
2023-12-26 21:08:29,480 WARN exited: getSettlementHashes (exit status 1; not expected)
2023-12-26 21:08:29,544 WARN exited: getSolverCompetitions (exit status 1; not expected)
2023-12-26 21:08:29,762 INFO spawned: 'getSolverCompetitions' with pid 2107900
2023-12-26 21:08:29,763 WARN exited: getUninternalizedCallData (exit status 1; not expected)
2023-12-26 21:08:29,786 INFO spawned: 'getUninternalizedCallData' with pid 2107901
2023-12-26 21:08:29,787 WARN exited: getCallData (exit status 1; not expected)
2023-12-26 21:08:29,929 INFO spawned: 'getCallData' with pid 2107902
2023-12-26 21:08:30,483 INFO spawned: 'getSettlementHashes' with pid 2107916
2023-12-26 21:08:30,839 INFO success: getSolverCompetitions entered RUNNING state, process has stayed up for > than 1 seconds (startsecs)
2023-12-26 21:08:30,839 INFO success: getUninternalizedCallData entered RUNNING state, process has stayed up for > than 1 seconds (startsecs)
2023-12-26 21:08:31,465 INFO success: getCallData entered RUNNING state, process has stayed up for > than 1 seconds (startsecs)
2023-12-26 21:08:31,466 INFO exited: getOrdersByUid (exit status 0; expected)
2023-12-26 21:08:31,484 INFO success: getSettlementHashes entered RUNNING state, process has stayed up for > than 1 seconds (startsecs)
2023-12-26 21:08:40,127 WARN exited: getSettlementHashes (exit status 1; not expected)
2023-12-26 21:08:41,130 INFO spawned: 'getSettlementHashes' with pid 2107948
2023-12-26 21:08:42,133 INFO success: getSettlementHashes entered RUNNING state, process has stayed up for > than 1 seconds (startsecs)
2023-12-26 21:08:51,530 WARN exited: getSettlementHashes (exit status 1; not expected)
2023-12-26 21:08:52,533 INFO spawned: 'getSettlementHashes' with pid 2108048
2023-12-26 21:08:53,534 INFO success: getSettlementHashes entered RUNNING state, process has stayed up for > than 1 seconds (startsecs)
2023-12-26 21:08:58,784 WARN exited: getSettlementHashes (exit status 1; not expected)
2023-12-26 21:08:59,789 INFO spawned: 'getSettlementHashes' with pid 2108103
2023-12-26 21:09:00,793 INFO success: getSettlementHashes entered RUNNING state, process has stayed up for > than 1 seconds (startsecs)
2023-12-26 21:09:09,878 WARN exited: getSettlementHashes (exit status 1; not expected)
2023-12-26 21:09:10,884 INFO spawned: 'getSettlementHashes' with pid 2108195
2023-12-26 21:09:11,889 INFO success: getSettlementHashes entered RUNNING state, process has stayed up for > than 1 seconds (startsecs)
2023-12-26 21:09:33,758 WARN exited: getSettlementHashes (exit status 1; not expected)
2023-12-26 21:09:33,762 INFO spawned: 'getSettlementHashes' with pid 2108386
2023-12-26 21:09:34,765 INFO success: getSettlementHashes entered RUNNING state, process has stayed up for > than 1 seconds (startsecs)
2023-12-26 21:09:51,162 WARN exited: getSettlementHashes (exit status 1; not expected)
2023-12-26 21:09:51,212 INFO spawned: 'getSettlementHashes' with pid 2108452
2023-12-26 21:09:52,800 INFO success: getSettlementHashes entered RUNNING state, process has stayed up for > than 1 seconds (startsecs)
2023-12-26 21:10:12,793 WARN exited: getSettlementHashes (exit status 1; not expected)
2023-12-26 21:10:12,826 INFO spawned: 'getSettlementHashes' with pid 2108479
2023-12-26 21:10:13,873 INFO success: getSettlementHashes entered RUNNING state, process has stayed up for > than 1 seconds (startsecs)
2023-12-26 21:10:21,028 WARN received SIGINT indicating exit request
2023-12-26 21:10:21,028 INFO waiting for getCallData, getContractNames, getSettlementHashes, getSolverCompetitions, getUninternalizedCallData to die
2023-12-26 21:10:21,085 WARN stopped: getUninternalizedCallData (terminated by SIGTERM)
2023-12-26 21:10:21,094 WARN stopped: getSolverCompetitions (terminated by SIGTERM)
2023-12-26 21:10:21,101 WARN stopped: getSettlementHashes (terminated by SIGTERM)
2023-12-26 21:10:21,147 WARN stopped: getContractNames (terminated by SIGTERM)
2023-12-26 21:10:21,173 WARN stopped: getCallData (terminated by SIGTERM)
2023-12-26 21:11:10,643 WARN exited: getSettlementHashes (exit status 1; not expected)
2023-12-26 21:11:11,644 INFO spawned: 'getSettlementHashes' with pid 2108886
2023-12-26 21:11:12,646 INFO success: getSettlementHashes entered RUNNING state, process has stayed up for > than 1 seconds (startsecs)
2023-12-26 21:11:15,877 WARN exited: getSettlementHashes (exit status 1; not expected)
2023-12-26 21:11:16,885 INFO spawned: 'getSettlementHashes' with pid 2108916
2023-12-26 21:11:17,890 INFO success: getSettlementHashes entered RUNNING state, process has stayed up for > than 1 seconds (startsecs)
2023-12-26 21:11:25,449 WARN exited: getSettlementHashes (exit status 1; not expected)
2023-12-26 21:11:26,456 INFO spawned: 'getSettlementHashes' with pid 2108930
2023-12-26 21:11:27,459 INFO success: getSettlementHashes entered RUNNING state, process has stayed up for > than 1 seconds (startsecs)
2023-12-26 21:11:38,903 WARN exited: getSettlementHashes (exit status 1; not expected)
2023-12-26 21:11:39,911 INFO spawned: 'getSettlementHashes' with pid 2108951
2023-12-26 21:11:40,914 INFO success: getSettlementHashes entered RUNNING state, process has stayed up for > than 1 seconds (startsecs)
2023-12-26 21:11:50,542 WARN exited: getSettlementHashes (exit status 1; not expected)
2023-12-26 21:11:51,549 INFO spawned: 'getSettlementHashes' with pid 2109000
2023-12-26 21:11:52,553 INFO success: getSettlementHashes entered RUNNING state, process has stayed up for > than 1 seconds (startsecs)
2023-12-26 21:11:59,059 WARN exited: getSettlementHashes (exit status 1; not expected)
2023-12-26 21:12:00,061 INFO spawned: 'getSettlementHashes' with pid 2109007
2023-12-26 21:12:01,062 INFO success: getSettlementHashes entered RUNNING state, process has stayed up for > than 1 seconds (startsecs)
2023-12-26 21:19:57,624 WARN exited: getSettlementHashes (exit status 1; not expected)
2023-12-26 21:19:58,629 INFO spawned: 'getSettlementHashes' with pid 2110415
2023-12-26 21:19:59,631 INFO success: getSettlementHashes entered RUNNING state, process has stayed up for > than 1 seconds (startsecs)
2023-12-26 21:22:42,713 WARN exited: getSettlementHashes (terminated by SIGKILL; not expected)
2023-12-26 21:22:43,715 INFO spawned: 'getSettlementHashes' with pid 2110611
2023-12-26 21:22:44,717 INFO success: getSettlementHashes entered RUNNING state, process has stayed up for > than 1 seconds (startsecs)
2023-12-26 21:23:57,940 WARN exited: getSettlementHashes (terminated by SIGKILL; not expected)
2023-12-26 21:23:58,947 INFO spawned: 'getSettlementHashes' with pid 2110715
2023-12-26 21:23:59,951 INFO success: getSettlementHashes entered RUNNING state, process has stayed up for > than 1 seconds (startsecs)
2023-12-26 21:28:10,584 INFO supervisord started with pid 2111115
2023-12-26 21:28:11,590 INFO spawned: 'getCallData' with pid 2111117
2023-12-26 21:28:11,600 INFO spawned: 'getContractNames' with pid 2111118
2023-12-26 21:28:11,612 INFO spawned: 'getOrdersByUid' with pid 2111119
2023-12-26 21:28:11,622 INFO spawned: 'getSettlementHashes' with pid 2111120
2023-12-26 21:28:11,627 INFO spawned: 'getSolverCompetitions' with pid 2111121
2023-12-26 21:28:11,632 INFO spawned: 'getUninternalizedCallData' with pid 2111122
2023-12-26 21:28:12,636 INFO success: getCallData entered RUNNING state, process has stayed up for > than 1 seconds (startsecs)
2023-12-26 21:28:12,636 INFO success: getContractNames entered RUNNING state, process has stayed up for > than 1 seconds (startsecs)
2023-12-26 21:28:12,637 INFO success: getOrdersByUid entered RUNNING state, process has stayed up for > than 1 seconds (startsecs)
2023-12-26 21:28:12,637 INFO success: getSettlementHashes entered RUNNING state, process has stayed up for > than 1 seconds (startsecs)
2023-12-26 21:28:12,638 INFO success: getSolverCompetitions entered RUNNING state, process has stayed up for > than 1 seconds (startsecs)
2023-12-26 21:28:12,638 INFO success: getUninternalizedCallData entered RUNNING state, process has stayed up for > than 1 seconds (startsecs)
2023-12-26 21:28:24,845 WARN exited: getUninternalizedCallData (exit status 1; not expected)
2023-12-26 21:28:24,861 INFO spawned: 'getUninternalizedCallData' with pid 2111162
2023-12-26 21:28:24,862 WARN exited: getCallData (exit status 1; not expected)
2023-12-26 21:28:25,865 INFO spawned: 'getCallData' with pid 2111165
2023-12-26 21:28:25,866 INFO success: getUninternalizedCallData entered RUNNING state, process has stayed up for > than 1 seconds (startsecs)
2023-12-26 21:28:27,349 INFO success: getCallData entered RUNNING state, process has stayed up for > than 1 seconds (startsecs)
2023-12-26 21:28:27,349 WARN exited: getSolverCompetitions (exit status 1; not expected)
2023-12-26 21:28:27,433 INFO spawned: 'getSolverCompetitions' with pid 2111169
2023-12-26 21:28:27,434 WARN exited: getContractNames (exit status 1; not expected)
2023-12-26 21:28:27,916 INFO spawned: 'getContractNames' with pid 2111171
2023-12-26 21:28:29,094 INFO success: getContractNames entered RUNNING state, process has stayed up for > than 1 seconds (startsecs)
2023-12-26 21:28:29,094 INFO success: getSolverCompetitions entered RUNNING state, process has stayed up for > than 1 seconds (startsecs)
2023-12-26 21:28:31,209 WARN exited: getUninternalizedCallData (exit status 1; not expected)
2023-12-26 21:28:32,212 INFO spawned: 'getUninternalizedCallData' with pid 2111180
2023-12-26 21:28:32,500 WARN exited: getCallData (exit status 1; not expected)
2023-12-26 21:28:32,885 INFO spawned: 'getCallData' with pid 2111183
2023-12-26 21:28:32,984 WARN exited: getSolverCompetitions (exit status 1; not expected)
2023-12-26 21:28:33,102 INFO spawned: 'getSolverCompetitions' with pid 2111184
2023-12-26 21:28:33,278 INFO success: getUninternalizedCallData entered RUNNING state, process has stayed up for > than 1 seconds (startsecs)
2023-12-26 21:28:33,561 WARN exited: getContractNames (exit status 1; not expected)
2023-12-26 21:28:34,562 INFO success: getCallData entered RUNNING state, process has stayed up for > than 1 seconds (startsecs)
2023-12-26 21:28:34,564 INFO spawned: 'getContractNames' with pid 2111190
2023-12-26 21:28:34,564 INFO success: getSolverCompetitions entered RUNNING state, process has stayed up for > than 1 seconds (startsecs)
2023-12-26 21:28:35,921 INFO success: getContractNames entered RUNNING state, process has stayed up for > than 1 seconds (startsecs)
2023-12-26 21:28:38,756 WARN exited: getUninternalizedCallData (exit status 1; not expected)
2023-12-26 21:28:38,794 INFO spawned: 'getUninternalizedCallData' with pid 2111199
2023-12-26 21:28:38,877 WARN exited: getSolverCompetitions (exit status 1; not expected)
2023-12-26 21:28:39,427 INFO spawned: 'getSolverCompetitions' with pid 2111202
2023-12-26 21:28:39,650 WARN exited: getCallData (exit status 1; not expected)
2023-12-26 21:28:39,930 INFO spawned: 'getCallData' with pid 2111207
2023-12-26 21:28:39,931 INFO success: getUninternalizedCallData entered RUNNING state, process has stayed up for > than 1 seconds (startsecs)
2023-12-26 21:28:40,138 WARN exited: getContractNames (exit status 1; not expected)
2023-12-26 21:28:41,139 INFO success: getCallData entered RUNNING state, process has stayed up for > than 1 seconds (startsecs)
2023-12-26 21:28:41,141 INFO spawned: 'getContractNames' with pid 2111213
2023-12-26 21:28:41,142 INFO success: getSolverCompetitions entered RUNNING state, process has stayed up for > than 1 seconds (startsecs)
2023-12-26 21:28:42,144 INFO success: getContractNames entered RUNNING state, process has stayed up for > than 1 seconds (startsecs)
2023-12-26 21:28:45,120 WARN exited: getSolverCompetitions (exit status 1; not expected)
2023-12-26 21:28:45,277 INFO spawned: 'getSolverCompetitions' with pid 2111221
2023-12-26 21:28:45,278 WARN exited: getUninternalizedCallData (exit status 1; not expected)
2023-12-26 21:28:46,195 INFO spawned: 'getUninternalizedCallData' with pid 2111231
2023-12-26 21:28:46,413 INFO success: getSolverCompetitions entered RUNNING state, process has stayed up for > than 1 seconds (startsecs)
2023-12-26 21:28:46,413 WARN exited: getCallData (exit status 1; not expected)
2023-12-26 21:28:46,598 INFO spawned: 'getCallData' with pid 2111234
2023-12-26 21:28:46,698 WARN exited: getContractNames (exit status 1; not expected)
2023-12-26 21:28:47,700 INFO success: getCallData entered RUNNING state, process has stayed up for > than 1 seconds (startsecs)
2023-12-26 21:28:47,701 INFO spawned: 'getContractNames' with pid 2111237
2023-12-26 21:28:47,702 INFO success: getUninternalizedCallData entered RUNNING state, process has stayed up for > than 1 seconds (startsecs)
2023-12-26 21:28:48,702 INFO success: getContractNames entered RUNNING state, process has stayed up for > than 1 seconds (startsecs)
2023-12-26 21:28:50,770 WARN exited: getSolverCompetitions (exit status 1; not expected)
2023-12-26 21:28:51,772 INFO spawned: 'getSolverCompetitions' with pid 2111245
2023-12-26 21:28:52,876 INFO success: getSolverCompetitions entered RUNNING state, process has stayed up for > than 1 seconds (startsecs)
2023-12-26 21:28:52,920 WARN exited: getUninternalizedCallData (exit status 1; not expected)
2023-12-26 21:28:52,954 INFO spawned: 'getUninternalizedCallData' with pid 2111247
2023-12-26 21:28:52,954 INFO exited: getOrdersByUid (exit status 0; expected)
2023-12-26 21:28:53,365 WARN exited: getContractNames (exit status 1; not expected)
2023-12-26 21:28:53,396 INFO spawned: 'getContractNames' with pid 2111250
2023-12-26 21:28:53,397 WARN exited: getCallData (exit status 1; not expected)
2023-12-26 21:28:54,402 INFO spawned: 'getCallData' with pid 2111263
2023-12-26 21:28:54,404 INFO success: getContractNames entered RUNNING state, process has stayed up for > than 1 seconds (startsecs)
2023-12-26 21:28:54,405 INFO success: getUninternalizedCallData entered RUNNING state, process has stayed up for > than 1 seconds (startsecs)
2023-12-26 21:28:55,407 INFO success: getCallData entered RUNNING state, process has stayed up for > than 1 seconds (startsecs)
2023-12-26 21:28:57,296 WARN exited: getSolverCompetitions (exit status 1; not expected)
2023-12-26 21:28:58,302 INFO spawned: 'getSolverCompetitions' with pid 2111271
2023-12-26 21:28:58,961 WARN exited: getContractNames (exit status 1; not expected)
2023-12-26 21:28:59,355 INFO spawned: 'getContractNames' with pid 2111275
2023-12-26 21:28:59,356 INFO success: getSolverCompetitions entered RUNNING state, process has stayed up for > than 1 seconds (startsecs)
2023-12-26 21:28:59,560 WARN exited: getUninternalizedCallData (exit status 1; not expected)
2023-12-26 21:28:59,692 INFO spawned: 'getUninternalizedCallData' with pid 2111280
2023-12-26 21:29:00,694 INFO success: getContractNames entered RUNNING state, process has stayed up for > than 1 seconds (startsecs)
2023-12-26 21:29:00,694 INFO success: getUninternalizedCallData entered RUNNING state, process has stayed up for > than 1 seconds (startsecs)
2023-12-26 21:31:08,523 WARN received SIGINT indicating exit request
2023-12-26 21:31:08,523 INFO waiting for getCallData, getContractNames, getSettlementHashes, getSolverCompetitions, getUninternalizedCallData to die
2023-12-26 21:31:08,549 WARN stopped: getUninternalizedCallData (terminated by SIGTERM)
2023-12-26 21:31:08,559 WARN stopped: getSolverCompetitions (terminated by SIGTERM)
2023-12-26 21:31:08,568 WARN stopped: getSettlementHashes (terminated by SIGTERM)
2023-12-26 21:31:08,663 WARN stopped: getContractNames (terminated by SIGTERM)
2023-12-26 21:31:08,689 WARN stopped: getCallData (terminated by SIGTERM)
2023-12-26 21:32:38,248 INFO supervisord started with pid 2111630
2023-12-26 21:32:39,254 INFO spawned: 'getCallData' with pid 2111632
2023-12-26 21:32:39,264 INFO spawned: 'getContractNames' with pid 2111633
2023-12-26 21:32:39,277 INFO spawned: 'getOrdersByUid' with pid 2111634
2023-12-26 21:32:39,303 INFO spawned: 'getSettlementHashes' with pid 2111635
2023-12-26 21:32:39,318 INFO spawned: 'getSolverCompetitions' with pid 2111636
2023-12-26 21:32:39,340 INFO spawned: 'getUninternalizedCallData' with pid 2111637
2023-12-26 21:32:40,349 INFO success: getCallData entered RUNNING state, process has stayed up for > than 1 seconds (startsecs)
2023-12-26 21:32:40,349 INFO success: getContractNames entered RUNNING state, process has stayed up for > than 1 seconds (startsecs)
2023-12-26 21:32:40,350 INFO success: getOrdersByUid entered RUNNING state, process has stayed up for > than 1 seconds (startsecs)
2023-12-26 21:32:40,350 INFO success: getSettlementHashes entered RUNNING state, process has stayed up for > than 1 seconds (startsecs)
2023-12-26 21:32:40,351 INFO success: getSolverCompetitions entered RUNNING state, process has stayed up for > than 1 seconds (startsecs)
2023-12-26 21:32:40,351 INFO success: getUninternalizedCallData entered RUNNING state, process has stayed up for > than 1 seconds (startsecs)
2023-12-26 21:32:51,817 WARN exited: getCallData (exit status 1; not expected)
2023-12-26 21:32:51,912 INFO spawned: 'getCallData' with pid 2111678
2023-12-26 21:32:51,912 WARN exited: getUninternalizedCallData (exit status 1; not expected)
2023-12-26 21:32:52,914 INFO success: getCallData entered RUNNING state, process has stayed up for > than 1 seconds (startsecs)
2023-12-26 21:32:52,915 INFO spawned: 'getUninternalizedCallData' with pid 2111681
2023-12-26 21:32:54,430 INFO success: getUninternalizedCallData entered RUNNING state, process has stayed up for > than 1 seconds (startsecs)
2023-12-26 21:32:54,528 WARN exited: getContractNames (exit status 1; not expected)
2023-12-26 21:32:55,531 INFO spawned: 'getContractNames' with pid 2111686
2023-12-26 21:32:56,532 INFO success: getContractNames entered RUNNING state, process has stayed up for > than 1 seconds (startsecs)
2023-12-26 21:32:58,513 WARN exited: getCallData (exit status 1; not expected)
2023-12-26 21:32:58,602 INFO spawned: 'getCallData' with pid 2111699
2023-12-26 21:32:59,620 INFO success: getCallData entered RUNNING state, process has stayed up for > than 1 seconds (startsecs)
2023-12-26 21:32:59,620 WARN exited: getSolverCompetitions (exit status 1; not expected)
2023-12-26 21:32:59,620 WARN exited: getUninternalizedCallData (exit status 1; not expected)
2023-12-26 21:33:00,623 INFO spawned: 'getSolverCompetitions' with pid 2111704
2023-12-26 21:33:00,625 INFO spawned: 'getUninternalizedCallData' with pid 2111705
2023-12-26 21:33:01,130 WARN exited: getContractNames (exit status 1; not expected)
2023-12-26 21:33:02,133 INFO spawned: 'getContractNames' with pid 2111724
2023-12-26 21:33:02,138 INFO success: getSolverCompetitions entered RUNNING state, process has stayed up for > than 1 seconds (startsecs)
2023-12-26 21:33:02,138 INFO success: getUninternalizedCallData entered RUNNING state, process has stayed up for > than 1 seconds (startsecs)
2023-12-26 21:33:03,139 INFO success: getContractNames entered RUNNING state, process has stayed up for > than 1 seconds (startsecs)
2023-12-26 21:33:05,266 WARN exited: getCallData (exit status 1; not expected)
2023-12-26 21:33:06,230 INFO spawned: 'getCallData' with pid 2111731
2023-12-26 21:33:06,325 WARN exited: getSolverCompetitions (exit status 1; not expected)
2023-12-26 21:33:07,195 INFO spawned: 'getSolverCompetitions' with pid 2111734
2023-12-26 21:33:07,431 INFO success: getCallData entered RUNNING state, process has stayed up for > than 1 seconds (startsecs)
2023-12-26 21:33:07,431 WARN exited: getUninternalizedCallData (exit status 1; not expected)
2023-12-26 21:33:07,635 INFO spawned: 'getUninternalizedCallData' with pid 2111736
2023-12-26 21:33:07,742 WARN exited: getContractNames (exit status 1; not expected)
2023-12-26 21:33:08,600 INFO spawned: 'getContractNames' with pid 2111739
2023-12-26 21:33:08,601 INFO success: getSolverCompetitions entered RUNNING state, process has stayed up for > than 1 seconds (startsecs)
2023-12-26 21:33:08,776 INFO success: getUninternalizedCallData entered RUNNING state, process has stayed up for > than 1 seconds (startsecs)
2023-12-26 21:33:09,776 INFO success: getContractNames entered RUNNING state, process has stayed up for > than 1 seconds (startsecs)
2023-12-26 21:33:12,830 WARN exited: getCallData (exit status 1; not expected)
2023-12-26 21:33:12,882 INFO spawned: 'getCallData' with pid 2111752
2023-12-26 21:33:12,972 WARN exited: getSolverCompetitions (exit status 1; not expected)
2023-12-26 21:33:13,974 INFO success: getCallData entered RUNNING state, process has stayed up for > than 1 seconds (startsecs)
2023-12-26 21:33:13,975 INFO spawned: 'getSolverCompetitions' with pid 2111755
2023-12-26 21:33:14,385 WARN exited: getUninternalizedCallData (exit status 1; not expected)
2023-12-26 21:33:14,385 WARN exited: getContractNames (exit status 1; not expected)
2023-12-26 21:33:15,387 INFO spawned: 'getContractNames' with pid 2111759
2023-12-26 21:33:15,388 INFO success: getSolverCompetitions entered RUNNING state, process has stayed up for > than 1 seconds (startsecs)
2023-12-26 21:33:15,390 INFO spawned: 'getUninternalizedCallData' with pid 2111760
2023-12-26 21:33:16,771 INFO success: getContractNames entered RUNNING state, process has stayed up for > than 1 seconds (startsecs)
2023-12-26 21:33:16,771 INFO success: getUninternalizedCallData entered RUNNING state, process has stayed up for > than 1 seconds (startsecs)
2023-12-26 21:33:19,332 WARN exited: getCallData (exit status 1; not expected)
2023-12-26 21:33:19,515 INFO spawned: 'getCallData' with pid 2111783
2023-12-26 21:33:19,605 WARN exited: getSolverCompetitions (exit status 1; not expected)
2023-12-26 21:33:20,606 INFO success: getCallData entered RUNNING state, process has stayed up for > than 1 seconds (startsecs)
2023-12-26 21:33:20,608 INFO spawned: 'getSolverCompetitions' with pid 2111786
2023-12-26 21:33:20,939 WARN exited: getContractNames (exit status 1; not expected)
2023-12-26 21:33:21,922 INFO spawned: 'getContractNames' with pid 2111788
2023-12-26 21:33:21,922 INFO success: getSolverCompetitions entered RUNNING state, process has stayed up for > than 1 seconds (startsecs)
2023-12-26 21:33:22,139 WARN exited: getUninternalizedCallData (exit status 1; not expected)
2023-12-26 21:33:22,612 INFO spawned: 'getUninternalizedCallData' with pid 2111790
2023-12-26 21:33:23,158 INFO success: getContractNames entered RUNNING state, process has stayed up for > than 1 seconds (startsecs)
2023-12-26 21:33:23,233 INFO exited: getOrdersByUid (exit status 0; expected)
2023-12-26 21:33:24,234 INFO success: getUninternalizedCallData entered RUNNING state, process has stayed up for > than 1 seconds (startsecs)
2023-12-26 21:33:26,072 WARN exited: getCallData (exit status 1; not expected)
2023-12-26 21:33:26,176 INFO spawned: 'getCallData' with pid 2111801
2023-12-26 21:33:26,262 WARN exited: getSolverCompetitions (exit status 1; not expected)
2023-12-26 21:33:27,264 INFO success: getCallData entered RUNNING state, process has stayed up for > than 1 seconds (startsecs)
2023-12-26 21:33:27,266 INFO spawned: 'getSolverCompetitions' with pid 2111807
2023-12-26 21:33:28,559 INFO success: getSolverCompetitions entered RUNNING state, process has stayed up for > than 1 seconds (startsecs)
2023-12-26 21:42:51,509 WARN exited: getSolverCompetitions (exit status 1; not expected)
2023-12-26 21:42:51,512 INFO spawned: 'getSolverCompetitions' with pid 2113697
2023-12-26 21:42:52,521 INFO success: getSolverCompetitions entered RUNNING state, process has stayed up for > than 1 seconds (startsecs)
2023-12-26 21:51:02,964 WARN exited: getSolverCompetitions (exit status 1; not expected)
2023-12-26 21:51:03,012 INFO spawned: 'getSolverCompetitions' with pid 2114546
2023-12-26 21:51:04,038 INFO success: getSolverCompetitions entered RUNNING state, process has stayed up for > than 1 seconds (startsecs)
2023-12-26 21:58:29,821 WARN exited: getSolverCompetitions (exit status 1; not expected)
2023-12-26 21:58:30,183 INFO spawned: 'getSolverCompetitions' with pid 2114940
2023-12-26 21:58:31,205 INFO success: getSolverCompetitions entered RUNNING state, process has stayed up for > than 1 seconds (startsecs)
2023-12-26 21:59:05,473 WARN exited: getSolverCompetitions (exit status 1; not expected)
2023-12-26 21:59:06,055 INFO spawned: 'getSolverCompetitions' with pid 2114972
2023-12-26 21:59:07,074 INFO success: getSolverCompetitions entered RUNNING state, process has stayed up for > than 1 seconds (startsecs)
2023-12-26 22:40:21,815 WARN exited: getSolverCompetitions (exit status 1; not expected)
2023-12-26 22:40:21,817 INFO spawned: 'getSolverCompetitions' with pid 2117291
2023-12-26 22:40:22,858 INFO success: getSolverCompetitions entered RUNNING state, process has stayed up for > than 1 seconds (startsecs)
2023-12-26 22:46:31,977 WARN exited: getSolverCompetitions (exit status 1; not expected)
2023-12-26 22:46:31,990 INFO spawned: 'getSolverCompetitions' with pid 2117621
2023-12-26 22:46:33,038 INFO success: getSolverCompetitions entered RUNNING state, process has stayed up for > than 1 seconds (startsecs)
2023-12-26 22:52:43,741 WARN exited: getSolverCompetitions (exit status 1; not expected)
2023-12-26 22:52:43,744 INFO spawned: 'getSolverCompetitions' with pid 2117950
2023-12-26 22:52:44,813 INFO success: getSolverCompetitions entered RUNNING state, process has stayed up for > than 1 seconds (startsecs)
2023-12-26 22:53:11,708 INFO exited: getCallData (exit status 0; expected)
2023-12-26 22:55:02,987 WARN exited: getSolverCompetitions (exit status 1; not expected)
2023-12-26 22:55:03,112 INFO spawned: 'getSolverCompetitions' with pid 2118041
2023-12-26 22:55:04,126 INFO success: getSolverCompetitions entered RUNNING state, process has stayed up for > than 1 seconds (startsecs)
2023-12-26 22:56:17,078 INFO exited: getUninternalizedCallData (exit status 0; expected)
2023-12-26 23:18:16,923 WARN exited: getSolverCompetitions (exit status 1; not expected)
2023-12-26 23:18:17,310 INFO spawned: 'getSolverCompetitions' with pid 2120060
2023-12-26 23:18:18,316 INFO success: getSolverCompetitions entered RUNNING state, process has stayed up for > than 1 seconds (startsecs)
2023-12-27 00:43:46,384 WARN exited: getSolverCompetitions (exit status 1; not expected)
2023-12-27 00:43:46,555 INFO spawned: 'getSolverCompetitions' with pid 2127520
2023-12-27 00:43:47,563 INFO success: getSolverCompetitions entered RUNNING state, process has stayed up for > than 1 seconds (startsecs)
2023-12-27 00:55:39,269 WARN exited: getContractNames (exit status 1; not expected)
2023-12-27 00:55:39,274 INFO spawned: 'getContractNames' with pid 2128547
2023-12-27 00:55:40,296 INFO success: getContractNames entered RUNNING state, process has stayed up for > than 1 seconds (startsecs)
2023-12-27 01:19:23,873 WARN exited: getSolverCompetitions (exit status 1; not expected)
2023-12-27 01:19:24,880 INFO spawned: 'getSolverCompetitions' with pid 2130608
2023-12-27 01:19:26,402 INFO success: getSolverCompetitions entered RUNNING state, process has stayed up for > than 1 seconds (startsecs)
2023-12-27 01:48:32,890 WARN exited: getSolverCompetitions (exit status 1; not expected)
2023-12-27 01:48:33,742 INFO spawned: 'getSolverCompetitions' with pid 2133134
2023-12-27 01:48:34,897 INFO success: getSolverCompetitions entered RUNNING state, process has stayed up for > than 1 seconds (startsecs)
2023-12-27 01:54:23,230 WARN exited: getSolverCompetitions (exit status 1; not expected)
2023-12-27 01:54:23,347 INFO spawned: 'getSolverCompetitions' with pid 2133621
2023-12-27 01:54:24,664 INFO success: getSolverCompetitions entered RUNNING state, process has stayed up for > than 1 seconds (startsecs)
2023-12-27 02:10:02,723 WARN exited: getSolverCompetitions (exit status 1; not expected)
2023-12-27 02:10:03,323 INFO spawned: 'getSolverCompetitions' with pid 2134974
2023-12-27 02:10:04,325 INFO success: getSolverCompetitions entered RUNNING state, process has stayed up for > than 1 seconds (startsecs)
2023-12-27 02:16:18,577 WARN exited: getSolverCompetitions (exit status 1; not expected)
2023-12-27 02:16:19,584 INFO spawned: 'getSolverCompetitions' with pid 2135570
2023-12-27 02:16:21,089 INFO success: getSolverCompetitions entered RUNNING state, process has stayed up for > than 1 seconds (startsecs)
2023-12-27 02:19:01,453 WARN exited: getContractNames (exit status 1; not expected)
2023-12-27 02:19:01,499 INFO spawned: 'getContractNames' with pid 2135822
2023-12-27 02:19:03,037 INFO success: getContractNames entered RUNNING state, process has stayed up for > than 1 seconds (startsecs)
2023-12-27 03:55:48,691 WARN exited: getSolverCompetitions (exit status 1; not expected)
2023-12-27 03:55:48,870 INFO spawned: 'getSolverCompetitions' with pid 2144278
2023-12-27 03:55:49,874 INFO success: getSolverCompetitions entered RUNNING state, process has stayed up for > than 1 seconds (startsecs)
2023-12-27 05:34:30,993 WARN exited: getSolverCompetitions (exit status 1; not expected)
2023-12-27 05:34:32,000 INFO spawned: 'getSolverCompetitions' with pid 2152929
2023-12-27 05:34:33,041 INFO success: getSolverCompetitions entered RUNNING state, process has stayed up for > than 1 seconds (startsecs)
2023-12-27 05:51:55,094 WARN exited: getSolverCompetitions (exit status 1; not expected)
2023-12-27 05:51:56,097 INFO spawned: 'getSolverCompetitions' with pid 2154429
2023-12-27 05:51:57,099 INFO success: getSolverCompetitions entered RUNNING state, process has stayed up for > than 1 seconds (startsecs)
2023-12-27 06:13:36,840 WARN exited: getSolverCompetitions (exit status 1; not expected)
2023-12-27 06:13:37,458 INFO spawned: 'getSolverCompetitions' with pid 2156278
2023-12-27 06:13:38,546 INFO success: getSolverCompetitions entered RUNNING state, process has stayed up for > than 1 seconds (startsecs)
2023-12-27 06:16:00,771 WARN exited: getSolverCompetitions (exit status 1; not expected)
2023-12-27 06:16:00,995 INFO spawned: 'getSolverCompetitions' with pid 2156490
2023-12-27 06:16:02,198 INFO success: getSolverCompetitions entered RUNNING state, process has stayed up for > than 1 seconds (startsecs)
2023-12-27 06:22:37,209 INFO exited: getContractNames (exit status 0; expected)
2023-12-27 06:22:43,064 WARN exited: getSolverCompetitions (exit status 1; not expected)
2023-12-27 06:22:44,067 INFO spawned: 'getSolverCompetitions' with pid 2157136
2023-12-27 06:22:45,068 INFO success: getSolverCompetitions entered RUNNING state, process has stayed up for > than 1 seconds (startsecs)
2023-12-27 06:51:27,329 WARN exited: getSolverCompetitions (exit status 1; not expected)
2023-12-27 06:51:28,333 INFO spawned: 'getSolverCompetitions' with pid 2159775
2023-12-27 06:51:29,335 INFO success: getSolverCompetitions entered RUNNING state, process has stayed up for > than 1 seconds (startsecs)
2023-12-27 07:41:12,787 WARN received SIGINT indicating exit request
2023-12-27 07:41:12,788 INFO waiting for getSettlementHashes, getSolverCompetitions to die
2023-12-27 07:41:13,210 WARN stopped: getSolverCompetitions (terminated by SIGTERM)
2023-12-27 07:41:13,218 WARN stopped: getSettlementHashes (terminated by SIGTERM)
